<?xml version='1.0'?>
<pof-config xmlns:xsi="http://www.w3.org/2001/XMLSchema-instance"
	xmlns="http://xmlns.oracle.com/coherence/coherence-pof-config"
	xsi:schemaLocation="http://xmlns.oracle.com/coherence/coherence-pof-config
		coherence-pof-config.xsd">
	<user-type-list>
		<include>mr-pof-config.xml</include>
		<!-- Objects used in the map reduce framework -->
		<user-type>
			<type-id>10000</type-id>
			<class-name>com.thedatarealm.mapreduce.coherence.MapReduceTest$WordCountMapper
			</class-name>
		</user-type>
		<user-type>
			<type-id>10001</type-id>
			<class-name>com.thedatarealm.mapreduce.coherence.MapReduceTest$WordCountReducer
			</class-name>
		</user-type>
	</user-type-list>

	<allow-interfaces>true</allow-interfaces>
	<allow-subclasses>true</allow-subclasses>
</pof-config>